  [1m[36m (115.2ms)[0m  [1mCREATE TABLE "schema_migrations" ("version" varchar NOT NULL) [0m
  [1m[35m (1.0ms)[0m  select sqlite_version(*)
  [1m[36m (120.0ms)[0m  [1mCREATE UNIQUE INDEX "unique_schema_migrations" ON "schema_migrations" ("version")[0m
  [1m[35mActiveRecord::SchemaMigration Load (1.0ms)[0m  SELECT "schema_migrations".* FROM "schema_migrations"
Migrating to CreatePosts (20150331192755)
  [1m[36m (0.0ms)[0m  [1mbegin transaction[0m
  [1m[35m (8.0ms)[0m  CREATE TABLE "posts" ("id" INTEGER PRIMARY KEY AUTOINCREMENT NOT NULL, "title" varchar, "text" text, "categories" varchar, "created_at" datetime NOT NULL, "updated_at" datetime NOT NULL) 
  [1m[36mSQL (1.0ms)[0m  [1mINSERT INTO "schema_migrations" ("version") VALUES (?)[0m  [["version", "20150331192755"]]
  [1m[35m (93.3ms)[0m  commit transaction
  [1m[36mActiveRecord::SchemaMigration Load (0.0ms)[0m  [1mSELECT "schema_migrations".* FROM "schema_migrations"[0m


Started GET "/" for ::1 at 2015-03-31 15:29:50 -0400
  [1m[36mActiveRecord::SchemaMigration Load (0.0ms)[0m  [1mSELECT "schema_migrations".* FROM "schema_migrations"[0m

ActionController::RoutingError (uninitialized constant PostController):
  activesupport (4.2.1) lib/active_support/inflector/methods.rb:261:in `const_get'
  activesupport (4.2.1) lib/active_support/inflector/methods.rb:261:in `block in constantize'
  activesupport (4.2.1) lib/active_support/inflector/methods.rb:259:in `each'
  activesupport (4.2.1) lib/active_support/inflector/methods.rb:259:in `inject'
  activesupport (4.2.1) lib/active_support/inflector/methods.rb:259:in `constantize'
  actionpack (4.2.1) lib/action_dispatch/routing/route_set.rb:70:in `controller_reference'
  actionpack (4.2.1) lib/action_dispatch/routing/route_set.rb:60:in `controller'
  actionpack (4.2.1) lib/action_dispatch/routing/route_set.rb:39:in `serve'
  actionpack (4.2.1) lib/action_dispatch/journey/router.rb:43:in `block in serve'
  actionpack (4.2.1) lib/action_dispatch/journey/router.rb:30:in `each'
  actionpack (4.2.1) lib/action_dispatch/journey/router.rb:30:in `serve'
  actionpack (4.2.1) lib/action_dispatch/routing/route_set.rb:819:in `call'
  rack (1.6.0) lib/rack/etag.rb:24:in `call'
  rack (1.6.0) lib/rack/conditionalget.rb:25:in `call'
  rack (1.6.0) lib/rack/head.rb:13:in `call'
  actionpack (4.2.1) lib/action_dispatch/middleware/params_parser.rb:27:in `call'
  actionpack (4.2.1) lib/action_dispatch/middleware/flash.rb:260:in `call'
  rack (1.6.0) lib/rack/session/abstract/id.rb:225:in `context'
  rack (1.6.0) lib/rack/session/abstract/id.rb:220:in `call'
  actionpack (4.2.1) lib/action_dispatch/middleware/cookies.rb:560:in `call'
  activerecord (4.2.1) lib/active_record/query_cache.rb:36:in `call'
  activerecord (4.2.1) lib/active_record/connection_adapters/abstract/connection_pool.rb:649:in `call'
  activerecord (4.2.1) lib/active_record/migration.rb:378:in `call'
  actionpack (4.2.1) lib/action_dispatch/middleware/callbacks.rb:29:in `block in call'
  activesupport (4.2.1) lib/active_support/callbacks.rb:88:in `call'
  activesupport (4.2.1) lib/active_support/callbacks.rb:88:in `_run_callbacks'
  activesupport (4.2.1) lib/active_support/callbacks.rb:776:in `_run_call_callbacks'
  activesupport (4.2.1) lib/active_support/callbacks.rb:81:in `run_callbacks'
  actionpack (4.2.1) lib/action_dispatch/middleware/callbacks.rb:27:in `call'
  actionpack (4.2.1) lib/action_dispatch/middleware/reloader.rb:73:in `call'
  actionpack (4.2.1) lib/action_dispatch/middleware/remote_ip.rb:78:in `call'
  actionpack (4.2.1) lib/action_dispatch/middleware/debug_exceptions.rb:17:in `call'
  web-console (2.1.2) lib/web_console/middleware.rb:37:in `call'
  actionpack (4.2.1) lib/action_dispatch/middleware/show_exceptions.rb:30:in `call'
  railties (4.2.1) lib/rails/rack/logger.rb:38:in `call_app'
  railties (4.2.1) lib/rails/rack/logger.rb:20:in `block in call'
  activesupport (4.2.1) lib/active_support/tagged_logging.rb:68:in `block in tagged'
  activesupport (4.2.1) lib/active_support/tagged_logging.rb:26:in `tagged'
  activesupport (4.2.1) lib/active_support/tagged_logging.rb:68:in `tagged'
  railties (4.2.1) lib/rails/rack/logger.rb:20:in `call'
  actionpack (4.2.1) lib/action_dispatch/middleware/request_id.rb:21:in `call'
  rack (1.6.0) lib/rack/methodoverride.rb:22:in `call'
  rack (1.6.0) lib/rack/runtime.rb:18:in `call'
  activesupport (4.2.1) lib/active_support/cache/strategy/local_cache_middleware.rb:28:in `call'
  rack (1.6.0) lib/rack/lock.rb:17:in `call'
  actionpack (4.2.1) lib/action_dispatch/middleware/static.rb:113:in `call'
  rack (1.6.0) lib/rack/sendfile.rb:113:in `call'
  railties (4.2.1) lib/rails/engine.rb:518:in `call'
  railties (4.2.1) lib/rails/application.rb:164:in `call'
  rack (1.6.0) lib/rack/lock.rb:17:in `call'
  rack (1.6.0) lib/rack/content_length.rb:15:in `call'
  rack (1.6.0) lib/rack/handler/webrick.rb:89:in `service'
  C:/RailsInstaller/Ruby2.1.0/lib/ruby/2.1.0/webrick/httpserver.rb:138:in `service'
  C:/RailsInstaller/Ruby2.1.0/lib/ruby/2.1.0/webrick/httpserver.rb:94:in `run'
  C:/RailsInstaller/Ruby2.1.0/lib/ruby/2.1.0/webrick/server.rb:295:in `block in start_thread'


  Rendered C:/RailsInstaller/Ruby2.1.0/lib/ruby/gems/2.1.0/gems/actionpack-4.2.1/lib/action_dispatch/middleware/templates/rescues/_trace.html.erb (5.0ms)
  Rendered C:/RailsInstaller/Ruby2.1.0/lib/ruby/gems/2.1.0/gems/actionpack-4.2.1/lib/action_dispatch/middleware/templates/routes/_route.html.erb (2.0ms)
  Rendered C:/RailsInstaller/Ruby2.1.0/lib/ruby/gems/2.1.0/gems/actionpack-4.2.1/lib/action_dispatch/middleware/templates/routes/_table.html.erb (166.0ms)
  Rendered C:/RailsInstaller/Ruby2.1.0/lib/ruby/gems/2.1.0/gems/actionpack-4.2.1/lib/action_dispatch/middleware/templates/rescues/_request_and_response.html.erb (33.0ms)
  Rendered C:/RailsInstaller/Ruby2.1.0/lib/ruby/gems/2.1.0/gems/actionpack-4.2.1/lib/action_dispatch/middleware/templates/rescues/routing_error.html.erb within rescues/layout (498.1ms)
  Rendered C:/RailsInstaller/Ruby2.1.0/lib/ruby/gems/2.1.0/gems/web-console-2.1.2/lib/web_console/templates/_markup.html.erb (1.0ms)
  Rendered C:/RailsInstaller/Ruby2.1.0/lib/ruby/gems/2.1.0/gems/web-console-2.1.2/lib/web_console/templates/style.css.erb within layouts/inlined_string (1.0ms)
  Rendered C:/RailsInstaller/Ruby2.1.0/lib/ruby/gems/2.1.0/gems/web-console-2.1.2/lib/web_console/templates/_inner_console_markup.html.erb within layouts/inlined_string (0.9ms)
  Rendered C:/RailsInstaller/Ruby2.1.0/lib/ruby/gems/2.1.0/gems/web-console-2.1.2/lib/web_console/templates/_prompt_box_markup.html.erb within layouts/inlined_string (1.0ms)
  Rendered C:/RailsInstaller/Ruby2.1.0/lib/ruby/gems/2.1.0/gems/web-console-2.1.2/lib/web_console/templates/console.js.erb within layouts/javascript (144.0ms)
  Rendered C:/RailsInstaller/Ruby2.1.0/lib/ruby/gems/2.1.0/gems/web-console-2.1.2/lib/web_console/templates/main.js.erb within layouts/javascript (0.0ms)
  Rendered C:/RailsInstaller/Ruby2.1.0/lib/ruby/gems/2.1.0/gems/web-console-2.1.2/lib/web_console/templates/error_page.js.erb within layouts/javascript (2.0ms)
  Rendered C:/RailsInstaller/Ruby2.1.0/lib/ruby/gems/2.1.0/gems/web-console-2.1.2/lib/web_console/templates/index.html.erb (352.0ms)


Started GET "/" for ::1 at 2015-03-31 15:30:01 -0400
Processing by PostsController#index as HTML
  [1m[35mPost Load (1.0ms)[0m  SELECT "posts".* FROM "posts"
  Rendered posts/index.html.erb within layouts/application (7.0ms)
Completed 200 OK in 3001ms (Views: 2991.2ms | ActiveRecord: 2.0ms)


Started GET "/assets/scaffolds-a58775d615fcd7be9112ae096c45fb18.css?body=1" for ::1 at 2015-03-31 15:30:04 -0400


Started GET "/assets/posts-64e62ddc273c2f5847f30d698ca14b67.css?body=1" for ::1 at 2015-03-31 15:30:04 -0400


Started GET "/assets/jquery-87424c3c19e96d4fb033c10ebe21ec40.js?body=1" for ::1 at 2015-03-31 15:30:04 -0400


Started GET "/assets/application-24be3b88faa3f8be7b130a326bbc19c6.css?body=1" for ::1 at 2015-03-31 15:30:04 -0400


Started GET "/assets/jquery_ujs-e27bd20a10d28155845a22d71ef94f2f.js?body=1" for ::1 at 2015-03-31 15:30:04 -0400


Started GET "/assets/posts-fcec5b5a277ac7c20cc9f45a209a3bcd.js?body=1" for ::1 at 2015-03-31 15:30:04 -0400


Started GET "/assets/turbolinks-f87b3583ca50adb0488b031297f5580d.js?body=1" for ::1 at 2015-03-31 15:30:04 -0400


Started GET "/assets/application-12b8f543cd30f7da91cbc02f9924ff5c.js?body=1" for ::1 at 2015-03-31 15:30:04 -0400


Started GET "/posts/new" for ::1 at 2015-03-31 15:30:05 -0400
Processing by PostsController#new as HTML
  Rendered posts/_form.html.erb (141.4ms)
  Rendered posts/new.html.erb within layouts/application (146.4ms)
Completed 200 OK in 280ms (Views: 269.4ms | ActiveRecord: 0.0ms)


Started POST "/posts" for ::1 at 2015-03-31 15:30:10 -0400
Processing by PostsController#create as HTML
  Parameters: {"utf8"=>"✓", "authenticity_token"=>"UwbvsvLjPgfJ0Eil0qaiF/XHxU5tbkr+1NRjn7UK8MklFq1iR4YbBQbsjgfE9iMwfcDQpsAQmzfZpp1ALhB7/A==", "post"=>{"title"=>"kasj", "text"=>"kjasbk", "categories"=>"aksjd"}, "commit"=>"Create Post"}
  [1m[36m (0.0ms)[0m  [1mbegin transaction[0m
  [1m[35mSQL (16.6ms)[0m  INSERT INTO "posts" ("title", "text", "categories", "created_at", "updated_at") VALUES (?, ?, ?, ?, ?)  [["title", "kasj"], ["text", "kjasbk"], ["categories", "aksjd"], ["created_at", "2015-03-31 19:30:10.966534"], ["updated_at", "2015-03-31 19:30:10.966534"]]
  [1m[36m (175.8ms)[0m  [1mcommit transaction[0m
Redirected to http://localhost:3000/posts/1
Completed 302 Found in 214ms (ActiveRecord: 192.4ms)


Started GET "/posts/1" for ::1 at 2015-03-31 15:30:11 -0400
Processing by PostsController#show as HTML
  Parameters: {"id"=>"1"}
  [1m[35mPost Load (0.0ms)[0m  SELECT  "posts".* FROM "posts" WHERE "posts"."id" = ? LIMIT 1  [["id", 1]]
  Rendered posts/show.html.erb within layouts/application (2.0ms)
Completed 200 OK in 173ms (Views: 143.0ms | ActiveRecord: 0.0ms)


Started GET "/assets/posts-64e62ddc273c2f5847f30d698ca14b67.css?body=1" for ::1 at 2015-03-31 15:30:11 -0400


Started GET "/assets/jquery-87424c3c19e96d4fb033c10ebe21ec40.js?body=1" for ::1 at 2015-03-31 15:30:11 -0400


Started GET "/assets/jquery_ujs-e27bd20a10d28155845a22d71ef94f2f.js?body=1" for ::1 at 2015-03-31 15:30:11 -0400


Started GET "/assets/turbolinks-f87b3583ca50adb0488b031297f5580d.js?body=1" for ::1 at 2015-03-31 15:30:11 -0400


Started GET "/assets/application-24be3b88faa3f8be7b130a326bbc19c6.css?body=1" for ::1 at 2015-03-31 15:30:11 -0400


Started GET "/assets/scaffolds-a58775d615fcd7be9112ae096c45fb18.css?body=1" for ::1 at 2015-03-31 15:30:11 -0400


Started GET "/assets/posts-fcec5b5a277ac7c20cc9f45a209a3bcd.js?body=1" for ::1 at 2015-03-31 15:30:11 -0400


Started GET "/assets/application-12b8f543cd30f7da91cbc02f9924ff5c.js?body=1" for ::1 at 2015-03-31 15:30:11 -0400


Started GET "/posts" for ::1 at 2015-03-31 15:30:12 -0400
Processing by PostsController#index as HTML
  [1m[36mPost Load (1.0ms)[0m  [1mSELECT "posts".* FROM "posts"[0m
  Rendered posts/index.html.erb within layouts/application (4.1ms)
Completed 200 OK in 126ms (Views: 124.0ms | ActiveRecord: 1.0ms)
  [1m[36mActiveRecord::SchemaMigration Load (0.0ms)[0m  [1mSELECT "schema_migrations".* FROM "schema_migrations"[0m
Migrating to DeviseCreateUsers (20150331193415)
  [1m[35m (0.0ms)[0m  begin transaction
DEPRECATION WARNING: `#timestamp` was called without specifying an option for `null`. In Rails 5, this behavior will change to `null: false`. You should manually specify `null: true` to prevent the behavior of your existing migrations from changing. (called from block in change at C:/Sites/nuevo_desafio/db/migrate/20150331193415_devise_create_users.rb:34)
  [1m[36m (6.0ms)[0m  [1mCREATE TABLE "users" ("id" INTEGER PRIMARY KEY AUTOINCREMENT NOT NULL, "email" varchar DEFAULT '' NOT NULL, "encrypted_password" varchar DEFAULT '' NOT NULL, "reset_password_token" varchar, "reset_password_sent_at" datetime, "remember_created_at" datetime, "sign_in_count" integer DEFAULT 0 NOT NULL, "current_sign_in_at" datetime, "last_sign_in_at" datetime, "current_sign_in_ip" varchar, "last_sign_in_ip" varchar, "created_at" datetime, "updated_at" datetime) [0m
  [1m[35m (0.0ms)[0m  select sqlite_version(*)
  [1m[36m (6.0ms)[0m  [1mCREATE UNIQUE INDEX "index_users_on_email" ON "users" ("email")[0m
  [1m[35m (0.0ms)[0m              SELECT sql
            FROM sqlite_master
            WHERE name='index_users_on_email' AND type='index'
            UNION ALL
            SELECT sql
            FROM sqlite_temp_master
            WHERE name='index_users_on_email' AND type='index'

  [1m[36m (1.1ms)[0m  [1mCREATE UNIQUE INDEX "index_users_on_reset_password_token" ON "users" ("reset_password_token")[0m
  [1m[35mSQL (1.0ms)[0m  INSERT INTO "schema_migrations" ("version") VALUES (?)  [["version", "20150331193415"]]
  [1m[36m (162.7ms)[0m  [1mcommit transaction[0m
  [1m[35mActiveRecord::SchemaMigration Load (1.0ms)[0m  SELECT "schema_migrations".* FROM "schema_migrations"
  [1m[36m (0.0ms)[0m  [1m            SELECT sql
            FROM sqlite_master
            WHERE name='index_users_on_reset_password_token' AND type='index'
            UNION ALL
            SELECT sql
            FROM sqlite_temp_master
            WHERE name='index_users_on_reset_password_token' AND type='index'
[0m
  [1m[35m (1.0ms)[0m              SELECT sql
            FROM sqlite_master
            WHERE name='index_users_on_email' AND type='index'
            UNION ALL
            SELECT sql
            FROM sqlite_temp_master
            WHERE name='index_users_on_email' AND type='index'



Started GET "/" for ::1 at 2015-03-31 15:36:00 -0400
  [1m[36mActiveRecord::SchemaMigration Load (1.0ms)[0m  [1mSELECT "schema_migrations".* FROM "schema_migrations"[0m
Processing by PostsController#index as HTML
  [1m[35mPost Load (1.0ms)[0m  SELECT "posts".* FROM "posts"
  Rendered posts/index.html.erb within layouts/application (40.0ms)
Completed 200 OK in 323ms (Views: 277.9ms | ActiveRecord: 2.1ms)


Started GET "/assets/posts-64e62ddc273c2f5847f30d698ca14b67.css?body=1" for ::1 at 2015-03-31 15:36:01 -0400


Started GET "/assets/scaffolds-a58775d615fcd7be9112ae096c45fb18.css?body=1" for ::1 at 2015-03-31 15:36:01 -0400


Started GET "/assets/application-24be3b88faa3f8be7b130a326bbc19c6.css?body=1" for ::1 at 2015-03-31 15:36:01 -0400


Started GET "/assets/turbolinks-f87b3583ca50adb0488b031297f5580d.js?body=1" for ::1 at 2015-03-31 15:36:01 -0400


Started GET "/assets/jquery-87424c3c19e96d4fb033c10ebe21ec40.js?body=1" for ::1 at 2015-03-31 15:36:01 -0400


Started GET "/assets/jquery_ujs-e27bd20a10d28155845a22d71ef94f2f.js?body=1" for ::1 at 2015-03-31 15:36:01 -0400


Started GET "/assets/posts-fcec5b5a277ac7c20cc9f45a209a3bcd.js?body=1" for ::1 at 2015-03-31 15:36:01 -0400


Started GET "/assets/application-12b8f543cd30f7da91cbc02f9924ff5c.js?body=1" for ::1 at 2015-03-31 15:36:01 -0400


Started GET "/posts/new" for ::1 at 2015-03-31 15:36:02 -0400
Processing by PostsController#new as HTML
Completed 401 Unauthorized in 93ms (ActiveRecord: 0.0ms)


Started GET "/users/sign_in" for ::1 at 2015-03-31 15:36:03 -0400
Processing by Devise::SessionsController#new as HTML
  Rendered devise/shared/_links.html.erb (3.1ms)
  Rendered devise/sessions/new.html.erb within layouts/application (177.9ms)
Completed 200 OK in 356ms (Views: 304.8ms | ActiveRecord: 1.0ms)


Started GET "/" for ::1 at 2015-03-31 15:36:17 -0400
Processing by PostsController#index as HTML
  [1m[36mPost Load (1.0ms)[0m  [1mSELECT "posts".* FROM "posts"[0m
  Rendered posts/index.html.erb within layouts/application (15.0ms)
Completed 200 OK in 206ms (Views: 196.0ms | ActiveRecord: 1.0ms)


Started GET "/assets/posts-64e62ddc273c2f5847f30d698ca14b67.css?body=1" for ::1 at 2015-03-31 15:36:18 -0400


Started GET "/assets/jquery-87424c3c19e96d4fb033c10ebe21ec40.js?body=1" for ::1 at 2015-03-31 15:36:18 -0400


Started GET "/assets/application-24be3b88faa3f8be7b130a326bbc19c6.css?body=1" for ::1 at 2015-03-31 15:36:18 -0400


Started GET "/assets/scaffolds-a58775d615fcd7be9112ae096c45fb18.css?body=1" for ::1 at 2015-03-31 15:36:18 -0400


Started GET "/assets/turbolinks-f87b3583ca50adb0488b031297f5580d.js?body=1" for ::1 at 2015-03-31 15:36:18 -0400


Started GET "/assets/jquery_ujs-e27bd20a10d28155845a22d71ef94f2f.js?body=1" for ::1 at 2015-03-31 15:36:18 -0400


Started GET "/assets/posts-fcec5b5a277ac7c20cc9f45a209a3bcd.js?body=1" for ::1 at 2015-03-31 15:36:18 -0400


Started GET "/assets/application-12b8f543cd30f7da91cbc02f9924ff5c.js?body=1" for ::1 at 2015-03-31 15:36:18 -0400


Started GET "/posts/new" for ::1 at 2015-03-31 15:36:19 -0400
Processing by PostsController#new as HTML
Completed 401 Unauthorized in 10ms (ActiveRecord: 0.0ms)


Started GET "/users/sign_in" for ::1 at 2015-03-31 15:36:19 -0400
Processing by Devise::SessionsController#new as HTML
  Rendered devise/shared/_links.html.erb (1.0ms)
  Rendered devise/sessions/new.html.erb within layouts/application (8.9ms)
Completed 200 OK in 175ms (Views: 157.0ms | ActiveRecord: 1.0ms)


Started POST "/users/sign_in" for ::1 at 2015-03-31 15:36:21 -0400
Processing by Devise::SessionsController#create as HTML
  Parameters: {"utf8"=>"✓", "authenticity_token"=>"KYAQ2Dgs0hY9dljECdsBaiZnsOBREwVVSpAoERSx5vJfkFIIjUn3FPJKnmYfi4BNrmClCPxt1JxH4tbOj6ttxw==", "user"=>{"email"=>"barucvilla@gmail.com", "password"=>"[FILTERED]", "remember_me"=>"0"}, "commit"=>"Log in"}
  [1m[35mUser Load (0.0ms)[0m  SELECT  "users".* FROM "users" WHERE "users"."email" = ?  ORDER BY "users"."id" ASC LIMIT 1  [["email", "barucvilla@gmail.com"]]
Completed 401 Unauthorized in 73ms (ActiveRecord: 0.0ms)
Processing by Devise::SessionsController#new as HTML
  Parameters: {"utf8"=>"✓", "authenticity_token"=>"KYAQ2Dgs0hY9dljECdsBaiZnsOBREwVVSpAoERSx5vJfkFIIjUn3FPJKnmYfi4BNrmClCPxt1JxH4tbOj6ttxw==", "user"=>{"email"=>"barucvilla@gmail.com", "password"=>"[FILTERED]", "remember_me"=>"0"}, "commit"=>"Log in"}
  Rendered devise/shared/_links.html.erb (1.0ms)
  Rendered devise/sessions/new.html.erb within layouts/application (7.9ms)
Completed 200 OK in 277ms (Views: 146.0ms | ActiveRecord: 0.0ms)


Started GET "/assets/posts-64e62ddc273c2f5847f30d698ca14b67.css?body=1" for ::1 at 2015-03-31 15:36:21 -0400


Started GET "/assets/turbolinks-f87b3583ca50adb0488b031297f5580d.js?body=1" for ::1 at 2015-03-31 15:36:21 -0400


Started GET "/assets/jquery_ujs-e27bd20a10d28155845a22d71ef94f2f.js?body=1" for ::1 at 2015-03-31 15:36:21 -0400


Started GET "/assets/scaffolds-a58775d615fcd7be9112ae096c45fb18.css?body=1" for ::1 at 2015-03-31 15:36:21 -0400


Started GET "/assets/jquery-87424c3c19e96d4fb033c10ebe21ec40.js?body=1" for ::1 at 2015-03-31 15:36:21 -0400


Started GET "/assets/application-24be3b88faa3f8be7b130a326bbc19c6.css?body=1" for ::1 at 2015-03-31 15:36:21 -0400


Started GET "/assets/posts-fcec5b5a277ac7c20cc9f45a209a3bcd.js?body=1" for ::1 at 2015-03-31 15:36:21 -0400


Started GET "/assets/application-12b8f543cd30f7da91cbc02f9924ff5c.js?body=1" for ::1 at 2015-03-31 15:36:21 -0400


Started GET "/users/sign_up" for ::1 at 2015-03-31 15:36:24 -0400
Processing by Devise::RegistrationsController#new as HTML
  Rendered devise/shared/_links.html.erb (1.0ms)
  Rendered devise/registrations/new.html.erb within layouts/application (11.5ms)
Completed 200 OK in 162ms (Views: 158.5ms | ActiveRecord: 0.0ms)


Started GET "/assets/application-24be3b88faa3f8be7b130a326bbc19c6.css?body=1" for ::1 at 2015-03-31 15:36:24 -0400


Started GET "/assets/scaffolds-a58775d615fcd7be9112ae096c45fb18.css?body=1" for ::1 at 2015-03-31 15:36:24 -0400


Started GET "/assets/jquery_ujs-e27bd20a10d28155845a22d71ef94f2f.js?body=1" for ::1 at 2015-03-31 15:36:24 -0400


Started GET "/assets/turbolinks-f87b3583ca50adb0488b031297f5580d.js?body=1" for ::1 at 2015-03-31 15:36:24 -0400


Started GET "/assets/jquery-87424c3c19e96d4fb033c10ebe21ec40.js?body=1" for ::1 at 2015-03-31 15:36:24 -0400


Started GET "/assets/posts-64e62ddc273c2f5847f30d698ca14b67.css?body=1" for ::1 at 2015-03-31 15:36:24 -0400


Started GET "/assets/posts-fcec5b5a277ac7c20cc9f45a209a3bcd.js?body=1" for ::1 at 2015-03-31 15:36:24 -0400


Started GET "/assets/application-12b8f543cd30f7da91cbc02f9924ff5c.js?body=1" for ::1 at 2015-03-31 15:36:24 -0400


Started POST "/users" for ::1 at 2015-03-31 15:36:36 -0400
Processing by Devise::RegistrationsController#create as HTML
  Parameters: {"utf8"=>"✓", "authenticity_token"=>"28FVAczUX1fMEBqYuwfqU2rJOWpapAcOn/eDFdPaOjOt0RfRebF6VQMs3DqtV2t04s4sgvfa1seShX3KSMCxBg==", "user"=>{"email"=>"barucvilla@gmail.com", "password"=>"[FILTERED]", "password_confirmation"=>"[FILTERED]"}, "commit"=>"Sign up"}
  [1m[36m (0.9ms)[0m  [1mbegin transaction[0m
  [1m[35mUser Exists (0.0ms)[0m  SELECT  1 AS one FROM "users" WHERE "users"."email" = 'barucvilla@gmail.com' LIMIT 1
  [1m[36mSQL (7.7ms)[0m  [1mINSERT INTO "users" ("email", "encrypted_password", "created_at", "updated_at") VALUES (?, ?, ?, ?)[0m  [["email", "barucvilla@gmail.com"], ["encrypted_password", "$2a$10$/zulqIpxIH4mx4u6dXWA1OqG/Dj/QzAioI4.TFRfZbCzYYZRf/pB."], ["created_at", "2015-03-31 19:36:37.071131"], ["updated_at", "2015-03-31 19:36:37.071131"]]
  [1m[35m (157.9ms)[0m  commit transaction
  [1m[36m (0.0ms)[0m  [1mbegin transaction[0m
  [1m[35mSQL (9.0ms)[0m  UPDATE "users" SET "last_sign_in_at" = ?, "current_sign_in_at" = ?, "last_sign_in_ip" = ?, "current_sign_in_ip" = ?, "sign_in_count" = ?, "updated_at" = ? WHERE "users"."id" = ?  [["last_sign_in_at", "2015-03-31 19:36:37.246780"], ["current_sign_in_at", "2015-03-31 19:36:37.246780"], ["last_sign_in_ip", "::1"], ["current_sign_in_ip", "::1"], ["sign_in_count", 1], ["updated_at", "2015-03-31 19:36:37.251778"], ["id", 1]]
  [1m[36m (102.3ms)[0m  [1mcommit transaction[0m
Redirected to http://localhost:3000/posts/new
Completed 302 Found in 642ms (ActiveRecord: 277.8ms)


Started GET "/posts/new" for ::1 at 2015-03-31 15:36:37 -0400
Processing by PostsController#new as HTML
  [1m[35mUser Load (0.0ms)[0m  SELECT  "users".* FROM "users" WHERE "users"."id" = ?  ORDER BY "users"."id" ASC LIMIT 1  [["id", 1]]
  Rendered posts/_form.html.erb (14.0ms)
  Rendered posts/new.html.erb within layouts/application (19.0ms)
Completed 200 OK in 156ms (Views: 150.1ms | ActiveRecord: 0.0ms)


Started GET "/assets/posts-64e62ddc273c2f5847f30d698ca14b67.css?body=1" for ::1 at 2015-03-31 15:36:37 -0400


Started GET "/assets/application-24be3b88faa3f8be7b130a326bbc19c6.css?body=1" for ::1 at 2015-03-31 15:36:37 -0400


Started GET "/assets/turbolinks-f87b3583ca50adb0488b031297f5580d.js?body=1" for ::1 at 2015-03-31 15:36:37 -0400


Started GET "/assets/jquery-87424c3c19e96d4fb033c10ebe21ec40.js?body=1" for ::1 at 2015-03-31 15:36:37 -0400


Started GET "/assets/jquery_ujs-e27bd20a10d28155845a22d71ef94f2f.js?body=1" for ::1 at 2015-03-31 15:36:37 -0400


Started GET "/assets/application-12b8f543cd30f7da91cbc02f9924ff5c.js?body=1" for ::1 at 2015-03-31 15:36:37 -0400


Started GET "/assets/posts-fcec5b5a277ac7c20cc9f45a209a3bcd.js?body=1" for ::1 at 2015-03-31 15:36:37 -0400


Started GET "/assets/scaffolds-a58775d615fcd7be9112ae096c45fb18.css?body=1" for ::1 at 2015-03-31 15:36:37 -0400


Started POST "/posts" for ::1 at 2015-03-31 15:36:47 -0400
Processing by PostsController#create as HTML
  Parameters: {"utf8"=>"✓", "authenticity_token"=>"yhPJ0uDs1O4tki/tynTXqBwhIonjKaTdLIe2E78FGhm8A4sCVYnx7OKu6U/cJFaPlCY3YU5XdRQh9UjMJB+RLA==", "post"=>{"title"=>"mi primer post", "text"=>",sakn", "categories"=>"laksn"}, "commit"=>"Create Post"}
  [1m[36mUser Load (1.0ms)[0m  [1mSELECT  "users".* FROM "users" WHERE "users"."id" = ?  ORDER BY "users"."id" ASC LIMIT 1[0m  [["id", 1]]
  [1m[35m (1.0ms)[0m  begin transaction
  [1m[36mSQL (6.9ms)[0m  [1mINSERT INTO "posts" ("title", "text", "categories", "created_at", "updated_at") VALUES (?, ?, ?, ?, ?)[0m  [["title", "mi primer post"], ["text", ",sakn"], ["categories", "laksn"], ["created_at", "2015-03-31 19:36:47.714081"], ["updated_at", "2015-03-31 19:36:47.714081"]]
  [1m[35m (143.6ms)[0m  commit transaction
Redirected to http://localhost:3000/posts/2
Completed 302 Found in 169ms (ActiveRecord: 152.5ms)


Started GET "/posts/2" for ::1 at 2015-03-31 15:36:47 -0400
Processing by PostsController#show as HTML
  Parameters: {"id"=>"2"}
  [1m[36mPost Load (1.0ms)[0m  [1mSELECT  "posts".* FROM "posts" WHERE "posts"."id" = ? LIMIT 1[0m  [["id", 2]]
  Rendered posts/show.html.erb within layouts/application (2.0ms)
Completed 200 OK in 161ms (Views: 147.7ms | ActiveRecord: 1.0ms)


Started GET "/assets/posts-64e62ddc273c2f5847f30d698ca14b67.css?body=1" for ::1 at 2015-03-31 15:36:48 -0400


Started GET "/assets/turbolinks-f87b3583ca50adb0488b031297f5580d.js?body=1" for ::1 at 2015-03-31 15:36:48 -0400


Started GET "/assets/jquery_ujs-e27bd20a10d28155845a22d71ef94f2f.js?body=1" for ::1 at 2015-03-31 15:36:48 -0400


Started GET "/assets/scaffolds-a58775d615fcd7be9112ae096c45fb18.css?body=1" for ::1 at 2015-03-31 15:36:48 -0400


Started GET "/assets/application-24be3b88faa3f8be7b130a326bbc19c6.css?body=1" for ::1 at 2015-03-31 15:36:48 -0400


Started GET "/assets/jquery-87424c3c19e96d4fb033c10ebe21ec40.js?body=1" for ::1 at 2015-03-31 15:36:48 -0400


Started GET "/assets/posts-fcec5b5a277ac7c20cc9f45a209a3bcd.js?body=1" for ::1 at 2015-03-31 15:36:48 -0400


Started GET "/assets/application-12b8f543cd30f7da91cbc02f9924ff5c.js?body=1" for ::1 at 2015-03-31 15:36:48 -0400


Started GET "/posts" for ::1 at 2015-03-31 15:36:49 -0400
Processing by PostsController#index as HTML
  [1m[35mPost Load (0.0ms)[0m  SELECT "posts".* FROM "posts"
  Rendered posts/index.html.erb within layouts/application (6.1ms)
Completed 200 OK in 143ms (Views: 141.1ms | ActiveRecord: 0.0ms)


Started DELETE "/posts/1" for ::1 at 2015-03-31 15:36:52 -0400
Processing by PostsController#destroy as HTML
  Parameters: {"authenticity_token"=>"1z+jo4pxgyoHAKnJ82vmgvUzpDufBF8I5w4qoHeTyiyhL+FzPxSmKMg8b2vlO2elfTSx0zJ6jsHqfNR/7IlBGQ==", "id"=>"1"}
  [1m[36mPost Load (1.1ms)[0m  [1mSELECT  "posts".* FROM "posts" WHERE "posts"."id" = ? LIMIT 1[0m  [["id", 1]]
  [1m[35mUser Load (0.0ms)[0m  SELECT  "users".* FROM "users" WHERE "users"."id" = ?  ORDER BY "users"."id" ASC LIMIT 1  [["id", 1]]
  [1m[36m (0.0ms)[0m  [1mbegin transaction[0m
  [1m[35mSQL (9.0ms)[0m  DELETE FROM "posts" WHERE "posts"."id" = ?  [["id", 1]]
  [1m[36m (132.1ms)[0m  [1mcommit transaction[0m
Redirected to http://localhost:3000/posts
Completed 302 Found in 158ms (ActiveRecord: 142.2ms)


Started GET "/posts" for ::1 at 2015-03-31 15:36:52 -0400
Processing by PostsController#index as HTML
  [1m[35mPost Load (0.0ms)[0m  SELECT "posts".* FROM "posts"
  Rendered posts/index.html.erb within layouts/application (4.1ms)
Completed 200 OK in 142ms (Views: 140.1ms | ActiveRecord: 0.0ms)


Started GET "/assets/posts-64e62ddc273c2f5847f30d698ca14b67.css?body=1" for ::1 at 2015-03-31 15:36:52 -0400


Started GET "/assets/turbolinks-f87b3583ca50adb0488b031297f5580d.js?body=1" for ::1 at 2015-03-31 15:36:53 -0400


Started GET "/assets/application-24be3b88faa3f8be7b130a326bbc19c6.css?body=1" for ::1 at 2015-03-31 15:36:53 -0400


Started GET "/assets/jquery_ujs-e27bd20a10d28155845a22d71ef94f2f.js?body=1" for ::1 at 2015-03-31 15:36:53 -0400


Started GET "/assets/jquery-87424c3c19e96d4fb033c10ebe21ec40.js?body=1" for ::1 at 2015-03-31 15:36:53 -0400


Started GET "/assets/scaffolds-a58775d615fcd7be9112ae096c45fb18.css?body=1" for ::1 at 2015-03-31 15:36:53 -0400


Started GET "/assets/posts-fcec5b5a277ac7c20cc9f45a209a3bcd.js?body=1" for ::1 at 2015-03-31 15:36:53 -0400


Started GET "/assets/application-12b8f543cd30f7da91cbc02f9924ff5c.js?body=1" for ::1 at 2015-03-31 15:36:53 -0400


Started DELETE "/posts/2" for ::1 at 2015-03-31 15:36:55 -0400
Processing by PostsController#destroy as HTML
  Parameters: {"authenticity_token"=>"PjFsB7Fai233Ub9NUr2RGye4/gz2EUH1frylpi0coLJIIS7XBD+ubzhtee9E7RA8r7/r5FtvkDxzzlt5tgYrhw==", "id"=>"2"}
  [1m[36mPost Load (1.0ms)[0m  [1mSELECT  "posts".* FROM "posts" WHERE "posts"."id" = ? LIMIT 1[0m  [["id", 2]]
  [1m[35mUser Load (1.0ms)[0m  SELECT  "users".* FROM "users" WHERE "users"."id" = ?  ORDER BY "users"."id" ASC LIMIT 1  [["id", 1]]
  [1m[36m (0.0ms)[0m  [1mbegin transaction[0m
  [1m[35mSQL (8.0ms)[0m  DELETE FROM "posts" WHERE "posts"."id" = ?  [["id", 2]]
  [1m[36m (101.3ms)[0m  [1mcommit transaction[0m
Redirected to http://localhost:3000/posts
Completed 302 Found in 125ms (ActiveRecord: 111.3ms)


Started GET "/posts" for ::1 at 2015-03-31 15:36:55 -0400
Processing by PostsController#index as HTML
  [1m[35mPost Load (1.0ms)[0m  SELECT "posts".* FROM "posts"
  Rendered posts/index.html.erb within layouts/application (4.0ms)
Completed 200 OK in 153ms (Views: 151.0ms | ActiveRecord: 1.0ms)


Started GET "/assets/application-24be3b88faa3f8be7b130a326bbc19c6.css?body=1" for ::1 at 2015-03-31 15:36:56 -0400


Started GET "/assets/scaffolds-a58775d615fcd7be9112ae096c45fb18.css?body=1" for ::1 at 2015-03-31 15:36:56 -0400


Started GET "/assets/turbolinks-f87b3583ca50adb0488b031297f5580d.js?body=1" for ::1 at 2015-03-31 15:36:56 -0400


Started GET "/assets/posts-64e62ddc273c2f5847f30d698ca14b67.css?body=1" for ::1 at 2015-03-31 15:36:56 -0400


Started GET "/assets/jquery_ujs-e27bd20a10d28155845a22d71ef94f2f.js?body=1" for ::1 at 2015-03-31 15:36:56 -0400


Started GET "/assets/jquery-87424c3c19e96d4fb033c10ebe21ec40.js?body=1" for ::1 at 2015-03-31 15:36:56 -0400


Started GET "/assets/posts-fcec5b5a277ac7c20cc9f45a209a3bcd.js?body=1" for ::1 at 2015-03-31 15:36:56 -0400


Started GET "/assets/application-12b8f543cd30f7da91cbc02f9924ff5c.js?body=1" for ::1 at 2015-03-31 15:36:56 -0400


Started GET "/posts" for ::1 at 2015-03-31 15:36:56 -0400
Processing by PostsController#index as HTML
  [1m[36mPost Load (1.0ms)[0m  [1mSELECT "posts".* FROM "posts"[0m
  Rendered posts/index.html.erb within layouts/application (3.0ms)
Completed 200 OK in 133ms (Views: 130.9ms | ActiveRecord: 1.0ms)


Started GET "/assets/posts-64e62ddc273c2f5847f30d698ca14b67.css?body=1" for ::1 at 2015-03-31 15:36:56 -0400


Started GET "/assets/jquery_ujs-e27bd20a10d28155845a22d71ef94f2f.js?body=1" for ::1 at 2015-03-31 15:36:56 -0400


Started GET "/assets/jquery-87424c3c19e96d4fb033c10ebe21ec40.js?body=1" for ::1 at 2015-03-31 15:36:57 -0400


Started GET "/assets/scaffolds-a58775d615fcd7be9112ae096c45fb18.css?body=1" for ::1 at 2015-03-31 15:36:57 -0400


Started GET "/assets/turbolinks-f87b3583ca50adb0488b031297f5580d.js?body=1" for ::1 at 2015-03-31 15:36:57 -0400


Started GET "/assets/application-24be3b88faa3f8be7b130a326bbc19c6.css?body=1" for ::1 at 2015-03-31 15:36:57 -0400


Started GET "/assets/posts-fcec5b5a277ac7c20cc9f45a209a3bcd.js?body=1" for ::1 at 2015-03-31 15:36:57 -0400


Started GET "/assets/application-12b8f543cd30f7da91cbc02f9924ff5c.js?body=1" for ::1 at 2015-03-31 15:36:57 -0400


Started GET "/posts/new" for ::1 at 2015-03-31 15:36:58 -0400
Processing by PostsController#new as HTML
  [1m[35mUser Load (1.0ms)[0m  SELECT  "users".* FROM "users" WHERE "users"."id" = ?  ORDER BY "users"."id" ASC LIMIT 1  [["id", 1]]
  Rendered posts/_form.html.erb (5.0ms)
  Rendered posts/new.html.erb within layouts/application (11.0ms)
Completed 200 OK in 152ms (Views: 148.0ms | ActiveRecord: 1.0ms)


Started POST "/posts" for ::1 at 2015-03-31 15:37:04 -0400
Processing by PostsController#create as HTML
  Parameters: {"utf8"=>"✓", "authenticity_token"=>"rByuD1EQQchS2vNBgCOr5G18Qjvo0jQtf21Qvh7WW6DaDOzf5HVkyp3mNeOWcyrD5XtX00Ws5eRyH65hhczQlQ==", "post"=>{"title"=>"kajs a", "text"=>"jaskj", "categories"=>"kajsb "}, "commit"=>"Create Post"}
  [1m[36mUser Load (0.0ms)[0m  [1mSELECT  "users".* FROM "users" WHERE "users"."id" = ?  ORDER BY "users"."id" ASC LIMIT 1[0m  [["id", 1]]
  [1m[35m (0.0ms)[0m  begin transaction
  [1m[36mSQL (8.0ms)[0m  [1mINSERT INTO "posts" ("title", "text", "categories", "created_at", "updated_at") VALUES (?, ?, ?, ?, ?)[0m  [["title", "kajs a"], ["text", "jaskj"], ["categories", "kajsb "], ["created_at", "2015-03-31 19:37:04.444562"], ["updated_at", "2015-03-31 19:37:04.444562"]]
  [1m[35m (157.3ms)[0m  commit transaction
Redirected to http://localhost:3000/posts/3
Completed 302 Found in 182ms (ActiveRecord: 165.3ms)


Started GET "/posts/3" for ::1 at 2015-03-31 15:37:04 -0400
Processing by PostsController#show as HTML
  Parameters: {"id"=>"3"}
  [1m[36mPost Load (1.1ms)[0m  [1mSELECT  "posts".* FROM "posts" WHERE "posts"."id" = ? LIMIT 1[0m  [["id", 3]]
  Rendered posts/show.html.erb within layouts/application (1.1ms)
Completed 200 OK in 138ms (Views: 132.3ms | ActiveRecord: 1.1ms)


Started GET "/assets/posts-64e62ddc273c2f5847f30d698ca14b67.css?body=1" for ::1 at 2015-03-31 15:37:04 -0400


Started GET "/assets/jquery_ujs-e27bd20a10d28155845a22d71ef94f2f.js?body=1" for ::1 at 2015-03-31 15:37:04 -0400


Started GET "/assets/scaffolds-a58775d615fcd7be9112ae096c45fb18.css?body=1" for ::1 at 2015-03-31 15:37:04 -0400


Started GET "/assets/turbolinks-f87b3583ca50adb0488b031297f5580d.js?body=1" for ::1 at 2015-03-31 15:37:04 -0400


Started GET "/assets/application-24be3b88faa3f8be7b130a326bbc19c6.css?body=1" for ::1 at 2015-03-31 15:37:04 -0400


Started GET "/assets/jquery-87424c3c19e96d4fb033c10ebe21ec40.js?body=1" for ::1 at 2015-03-31 15:37:04 -0400


Started GET "/assets/posts-fcec5b5a277ac7c20cc9f45a209a3bcd.js?body=1" for ::1 at 2015-03-31 15:37:04 -0400


Started GET "/assets/application-12b8f543cd30f7da91cbc02f9924ff5c.js?body=1" for ::1 at 2015-03-31 15:37:04 -0400


Started GET "/posts" for ::1 at 2015-03-31 15:37:06 -0400
Processing by PostsController#index as HTML
  [1m[35mPost Load (0.0ms)[0m  SELECT "posts".* FROM "posts"
  Rendered posts/index.html.erb within layouts/application (3.0ms)
Completed 200 OK in 126ms (Views: 125.0ms | ActiveRecord: 0.0ms)


Started GET "/posts" for ::1 at 2015-03-31 15:40:47 -0400
Processing by PostsController#index as HTML
  [1m[36mPost Load (0.0ms)[0m  [1mSELECT "posts".* FROM "posts"[0m
  Rendered posts/index.html.erb within layouts/application (3.0ms)
  [1m[35mUser Load (1.0ms)[0m  SELECT  "users".* FROM "users" WHERE "users"."id" = ?  ORDER BY "users"."id" ASC LIMIT 1  [["id", 1]]
Completed 200 OK in 157ms (Views: 153.0ms | ActiveRecord: 1.0ms)


Started GET "/assets/application-24be3b88faa3f8be7b130a326bbc19c6.css?body=1" for ::1 at 2015-03-31 15:40:47 -0400


Started GET "/assets/jquery-87424c3c19e96d4fb033c10ebe21ec40.js?body=1" for ::1 at 2015-03-31 15:40:47 -0400


Started GET "/assets/posts-64e62ddc273c2f5847f30d698ca14b67.css?body=1" for ::1 at 2015-03-31 15:40:47 -0400


Started GET "/assets/scaffolds-a58775d615fcd7be9112ae096c45fb18.css?body=1" for ::1 at 2015-03-31 15:40:47 -0400


Started GET "/assets/jquery_ujs-e27bd20a10d28155845a22d71ef94f2f.js?body=1" for ::1 at 2015-03-31 15:40:47 -0400


Started GET "/assets/turbolinks-f87b3583ca50adb0488b031297f5580d.js?body=1" for ::1 at 2015-03-31 15:40:47 -0400


Started GET "/assets/posts-fcec5b5a277ac7c20cc9f45a209a3bcd.js?body=1" for ::1 at 2015-03-31 15:40:47 -0400


Started GET "/assets/application-12b8f543cd30f7da91cbc02f9924ff5c.js?body=1" for ::1 at 2015-03-31 15:40:47 -0400


Started DELETE "/users/sign_out" for ::1 at 2015-03-31 15:40:49 -0400
Processing by Devise::SessionsController#destroy as HTML
  Parameters: {"authenticity_token"=>"k2766kcgZUg08ozIADEhbWQVJfbnwXAqINnC3vIbIrvlfrg68kVASvvOSmoWYaBK7BIwHkq/oeMtqzwBaQGpjg=="}
  [1m[36mUser Load (0.0ms)[0m  [1mSELECT  "users".* FROM "users" WHERE "users"."id" = ?  ORDER BY "users"."id" ASC LIMIT 1[0m  [["id", 1]]
  [1m[35m (0.0ms)[0m  begin transaction
  [1m[36m (0.0ms)[0m  [1mcommit transaction[0m
Redirected to http://localhost:3000/
Completed 302 Found in 122ms (ActiveRecord: 0.0ms)


Started GET "/" for ::1 at 2015-03-31 15:40:49 -0400
Processing by PostsController#index as HTML
  [1m[35mPost Load (0.0ms)[0m  SELECT "posts".* FROM "posts"
  Rendered posts/index.html.erb within layouts/application (3.0ms)
Completed 200 OK in 135ms (Views: 134.0ms | ActiveRecord: 0.0ms)


Started GET "/assets/posts-64e62ddc273c2f5847f30d698ca14b67.css?body=1" for ::1 at 2015-03-31 15:40:49 -0400


Started GET "/assets/application-24be3b88faa3f8be7b130a326bbc19c6.css?body=1" for ::1 at 2015-03-31 15:40:49 -0400


Started GET "/assets/jquery_ujs-e27bd20a10d28155845a22d71ef94f2f.js?body=1" for ::1 at 2015-03-31 15:40:49 -0400


Started GET "/assets/turbolinks-f87b3583ca50adb0488b031297f5580d.js?body=1" for ::1 at 2015-03-31 15:40:49 -0400


Started GET "/assets/scaffolds-a58775d615fcd7be9112ae096c45fb18.css?body=1" for ::1 at 2015-03-31 15:40:49 -0400


Started GET "/assets/jquery-87424c3c19e96d4fb033c10ebe21ec40.js?body=1" for ::1 at 2015-03-31 15:40:49 -0400


Started GET "/assets/posts-fcec5b5a277ac7c20cc9f45a209a3bcd.js?body=1" for ::1 at 2015-03-31 15:40:49 -0400


Started GET "/assets/application-12b8f543cd30f7da91cbc02f9924ff5c.js?body=1" for ::1 at 2015-03-31 15:40:49 -0400


Started GET "/" for ::1 at 2015-03-31 15:40:51 -0400
Processing by PostsController#index as HTML
  [1m[36mPost Load (1.0ms)[0m  [1mSELECT "posts".* FROM "posts"[0m
  Rendered posts/index.html.erb within layouts/application (2.9ms)
Completed 200 OK in 148ms (Views: 145.0ms | ActiveRecord: 1.0ms)


Started GET "/assets/jquery-87424c3c19e96d4fb033c10ebe21ec40.js?body=1" for ::1 at 2015-03-31 15:40:52 -0400


Started GET "/assets/jquery_ujs-e27bd20a10d28155845a22d71ef94f2f.js?body=1" for ::1 at 2015-03-31 15:40:52 -0400


Started GET "/assets/scaffolds-a58775d615fcd7be9112ae096c45fb18.css?body=1" for ::1 at 2015-03-31 15:40:52 -0400


Started GET "/assets/turbolinks-f87b3583ca50adb0488b031297f5580d.js?body=1" for ::1 at 2015-03-31 15:40:52 -0400


Started GET "/assets/posts-64e62ddc273c2f5847f30d698ca14b67.css?body=1" for ::1 at 2015-03-31 15:40:52 -0400


Started GET "/assets/application-24be3b88faa3f8be7b130a326bbc19c6.css?body=1" for ::1 at 2015-03-31 15:40:52 -0400


Started GET "/assets/posts-fcec5b5a277ac7c20cc9f45a209a3bcd.js?body=1" for ::1 at 2015-03-31 15:40:52 -0400


Started GET "/assets/application-12b8f543cd30f7da91cbc02f9924ff5c.js?body=1" for ::1 at 2015-03-31 15:40:52 -0400


Started GET "/" for ::1 at 2015-03-31 15:48:26 -0400
  [1m[36mActiveRecord::SchemaMigration Load (0.0ms)[0m  [1mSELECT "schema_migrations".* FROM "schema_migrations"[0m
Processing by PostsController#index as HTML
  [1m[35mPost Load (1.0ms)[0m  SELECT "posts".* FROM "posts"
  Rendered posts/index.html.erb within layouts/application (23.9ms)
Completed 200 OK in 364ms (Views: 325.9ms | ActiveRecord: 2.0ms)


Started GET "/assets/posts-64e62ddc273c2f5847f30d698ca14b67.css?body=1" for ::1 at 2015-03-31 15:48:26 -0400


Started GET "/assets/application-24be3b88faa3f8be7b130a326bbc19c6.css?body=1" for ::1 at 2015-03-31 15:48:26 -0400


Started GET "/assets/turbolinks-f87b3583ca50adb0488b031297f5580d.js?body=1" for ::1 at 2015-03-31 15:48:26 -0400


Started GET "/assets/jquery_ujs-e27bd20a10d28155845a22d71ef94f2f.js?body=1" for ::1 at 2015-03-31 15:48:26 -0400


Started GET "/assets/jquery-87424c3c19e96d4fb033c10ebe21ec40.js?body=1" for ::1 at 2015-03-31 15:48:26 -0400


Started GET "/assets/scaffolds-a58775d615fcd7be9112ae096c45fb18.css?body=1" for ::1 at 2015-03-31 15:48:26 -0400


Started GET "/assets/posts-fcec5b5a277ac7c20cc9f45a209a3bcd.js?body=1" for ::1 at 2015-03-31 15:48:26 -0400


Started GET "/assets/application-12b8f543cd30f7da91cbc02f9924ff5c.js?body=1" for ::1 at 2015-03-31 15:48:26 -0400


Started GET "/posts/3" for ::1 at 2015-03-31 15:48:55 -0400
Processing by PostsController#show as HTML
  Parameters: {"id"=>"3"}
  [1m[36mPost Load (0.0ms)[0m  [1mSELECT  "posts".* FROM "posts" WHERE "posts"."id" = ? LIMIT 1[0m  [["id", 3]]
  Rendered posts/show.html.erb within layouts/application (2.0ms)
Completed 200 OK in 183ms (Views: 136.1ms | ActiveRecord: 0.0ms)


Started GET "/posts" for ::1 at 2015-03-31 15:48:57 -0400
Processing by PostsController#index as HTML
  [1m[35mPost Load (0.0ms)[0m  SELECT "posts".* FROM "posts"
  Rendered posts/index.html.erb within layouts/application (5.0ms)
Completed 200 OK in 125ms (Views: 122.0ms | ActiveRecord: 0.0ms)


Started GET "/users/sign_in" for ::1 at 2015-03-31 15:48:59 -0400
Processing by Devise::SessionsController#new as HTML
  Rendered devise/shared/_links.html.erb (4.0ms)
  Rendered devise/sessions/new.html.erb within layouts/application (158.9ms)
Completed 200 OK in 309ms (Views: 283.3ms | ActiveRecord: 1.0ms)
